<?xml version="1.0" encoding="UTF-8"?>
<testsuite xmlns:xsi="http://www.w3.org/2001/XMLSchema-instance" xsi:noNamespaceSchemaLocation="https://maven.apache.org/surefire/maven-surefire-plugin/xsd/surefire-test-report-3.0.xsd" version="3.0" name="library.AppTest" time="0.266" tests="2" errors="0" skipped="0" failures="0">
  <properties>
[...]
</properties>
  <testcase name="checkBookwithID8" classname="library.AppTest" time="0.235">
    <system-out><![CDATA[12:45:44.324 [main] DEBUG org.mariadb.jdbc.message.server.OkPacket - Database change: is 'library'
12:45:44.331 [main] DEBUG org.mariadb.jdbc.client.impl.StandardClient - execute query: set sql_mode=CONCAT(@@sql_mode,',STRICT_TRANS_TABLES'),session_track_system_variables = CONCAT(@@global.session_track_system_variables,',tx_isolation'),NAMES utf8mb4
12:45:44.331 [main] DEBUG org.mariadb.jdbc.message.server.OkPacket - System variable change:  character_set_client = utf8mb4
12:45:44.332 [main] DEBUG org.mariadb.jdbc.message.server.OkPacket - System variable change:  character_set_connection = utf8mb4
12:45:44.332 [main] DEBUG org.mariadb.jdbc.message.server.OkPacket - System variable change:  character_set_results = utf8mb4
12:45:44.336 [main] DEBUG org.mariadb.jdbc.client.impl.StandardClient - execute query: SELECT id, title, author FROM books
12:45:44.342 [main] DEBUG org.mariadb.jdbc.message.server.OkPacket - Database change: is 'library'
12:45:44.342 [main] DEBUG org.mariadb.jdbc.client.impl.StandardClient - execute query: set sql_mode=CONCAT(@@sql_mode,',STRICT_TRANS_TABLES'),session_track_system_variables = CONCAT(@@global.session_track_system_variables,',tx_isolation'),NAMES utf8mb4
12:45:44.342 [main] DEBUG org.mariadb.jdbc.message.server.OkPacket - System variable change:  character_set_client = utf8mb4
12:45:44.342 [main] DEBUG org.mariadb.jdbc.message.server.OkPacket - System variable change:  character_set_connection = utf8mb4
12:45:44.343 [main] DEBUG org.mariadb.jdbc.message.server.OkPacket - System variable change:  character_set_results = utf8mb4
12:45:44.343 [main] DEBUG org.mariadb.jdbc.client.impl.StandardClient - execute query: SELECT member_id, name, last_name FROM members
12:45:44.347 [main] DEBUG org.mariadb.jdbc.message.server.OkPacket - Database change: is 'library'
12:45:44.347 [main] DEBUG org.mariadb.jdbc.client.impl.StandardClient - execute query: set sql_mode=CONCAT(@@sql_mode,',STRICT_TRANS_TABLES'),session_track_system_variables = CONCAT(@@global.session_track_system_variables,',tx_isolation'),NAMES utf8mb4
12:45:44.347 [main] DEBUG org.mariadb.jdbc.message.server.OkPacket - System variable change:  character_set_client = utf8mb4
12:45:44.347 [main] DEBUG org.mariadb.jdbc.message.server.OkPacket - System variable change:  character_set_connection = utf8mb4
12:45:44.347 [main] DEBUG org.mariadb.jdbc.message.server.OkPacket - System variable change:  character_set_results = utf8mb4
12:45:44.347 [main] DEBUG org.mariadb.jdbc.client.impl.StandardClient - execute query: SELECT id, book_id, member_id, rental_date, return_date FROM rentals
12:45:44.351 [main] DEBUG org.mariadb.jdbc.message.server.OkPacket - Database change: is 'library'
12:45:44.351 [main] DEBUG org.mariadb.jdbc.client.impl.StandardClient - execute query: set sql_mode=CONCAT(@@sql_mode,',STRICT_TRANS_TABLES'),session_track_system_variables = CONCAT(@@global.session_track_system_variables,',tx_isolation'),NAMES utf8mb4
12:45:44.352 [main] DEBUG org.mariadb.jdbc.message.server.OkPacket - System variable change:  character_set_client = utf8mb4
12:45:44.352 [main] DEBUG org.mariadb.jdbc.message.server.OkPacket - System variable change:  character_set_connection = utf8mb4
12:45:44.352 [main] DEBUG org.mariadb.jdbc.message.server.OkPacket - System variable change:  character_set_results = utf8mb4
12:45:44.352 [main] DEBUG org.mariadb.jdbc.client.impl.StandardClient - execute query: SELECT id, titleID FROM copies
]]></system-out>
  </testcase>
  <testcase name="testConnectionWithDatabase" classname="library.AppTest" time="0.006">
    <system-out><![CDATA[12:45:44.373 [main] DEBUG org.mariadb.jdbc.message.server.OkPacket - Database change: is 'library'
12:45:44.373 [main] DEBUG org.mariadb.jdbc.client.impl.StandardClient - execute query: set sql_mode=CONCAT(@@sql_mode,',STRICT_TRANS_TABLES'),session_track_system_variables = CONCAT(@@global.session_track_system_variables,',tx_isolation'),NAMES utf8mb4
12:45:44.373 [main] DEBUG org.mariadb.jdbc.message.server.OkPacket - System variable change:  character_set_client = utf8mb4
12:45:44.374 [main] DEBUG org.mariadb.jdbc.message.server.OkPacket - System variable change:  character_set_connection = utf8mb4
12:45:44.374 [main] DEBUG org.mariadb.jdbc.message.server.OkPacket - System variable change:  character_set_results = utf8mb4
]]></system-out>
  </testcase>
</testsuite>